New log file opened at Thu Apr 28 16:13:16 BST 2016 by 5504@DESKTOP-7UG7O8D
jvm 5504@DESKTOP-7UG7O8D
jvm vmName=Java HotSpot(TM) Client VM vmVendor=Oracle Corporation vmVersion=25.66-b18
jvm specName=Java Virtual Machine Specification specVendor=Oracle Corporation specVersion=1.8
jvm arguments: [-Xms256m, -Xmx1024m, -XX:MetaspaceSize=64m, -XX:MaxMetaspaceSize=256m]
Starting event engine
Starting sbt command engine
Waiting for sbt command engine
Command engine arguments=List()
Command engine baseDirectory=C:\Users\pc\dev\fyp\fyp-beta\BETA-Geo-Tagging-Service
Command engine initial remaining commands List(--initialize, onFailure load-failed, boot, server-send-ready-for-request, server-handle-next-server-request)
> --initialize
> initialize
> onFailure load-failed
> boot
> reload
[Loading] Scanning directory C:\Users\pc\dev\fyp\fyp-beta\BETA-Geo-Tagging-Service\project
[Loading] Found non-root projects 
[Loading] Done in C:\Users\pc\dev\fyp\fyp-beta\BETA-Geo-Tagging-Service\project, returning: ()
deducing auto plugins based on known facts Set(Atom(sbt.plugins.CorePlugin)) and clauses Clauses(List(Clause(Atom(sbt.plugins.JvmPlugin),Set(Atom(sbt.plugins.IvyPlugin))), Clause(Atom(sbt.plugins.JUnitXmlReportPlugin),Set(Atom(sbt.plugins.JvmPlugin))), Clause(Atom(sbt.plugins.CorePlugin),Set(Atom(sbt.plugins.IvyPlugin))), Clause(Atom(sbt.plugins.IvyPlugin),Set(Atom(sbt.plugins.JvmPlugin))), Clause(Atom(sbt.plugins.JvmPlugin),Set(Atom(sbt.plugins.JUnitXmlReportPlugin)))))
  :: deduced result: Matched(sbt.plugins.CorePlugin,sbt.plugins.IvyPlugin,sbt.plugins.JvmPlugin,sbt.plugins.JUnitXmlReportPlugin)
sorting: ns: List(sbt.plugins.CorePlugin, sbt.plugins.IvyPlugin, sbt.plugins.JvmPlugin, sbt.plugins.JUnitXmlReportPlugin)
  :: sorting:: found: List(sbt.plugins.CorePlugin) not found List(sbt.plugins.IvyPlugin, sbt.plugins.JvmPlugin, sbt.plugins.JUnitXmlReportPlugin)
  :: sorting:: found: List(sbt.plugins.CorePlugin, sbt.plugins.IvyPlugin) not found List(sbt.plugins.JvmPlugin, sbt.plugins.JUnitXmlReportPlugin)
  :: sorting:: found: List(sbt.plugins.CorePlugin, sbt.plugins.IvyPlugin, sbt.plugins.JvmPlugin) not found List(sbt.plugins.JUnitXmlReportPlugin)
  :: sorting:: found: List(sbt.plugins.CorePlugin, sbt.plugins.IvyPlugin, sbt.plugins.JvmPlugin, sbt.plugins.JUnitXmlReportPlugin) not found List()
  :: sorted deduced result: List(sbt.plugins.CorePlugin, sbt.plugins.IvyPlugin, sbt.plugins.JvmPlugin, sbt.plugins.JUnitXmlReportPlugin)
[Loading] Done in C:\Users\pc\dev\fyp\fyp-beta\BETA-Geo-Tagging-Service\project, returning: (beta-geo-tagging-service-build)
Loading project definition from C:\Users\pc\dev\fyp\fyp-beta\BETA-Geo-Tagging-Service\project
Running task... Cancel: sbt.TaskCancellationStrategy$Null$@26bc38, check cycles: false

Initial source changes: 
	removed:Set()
	added: Set()
	modified: Set()
Removed products: Set()
External API changes: API Changes: Set()
Modified binary dependencies: Set()
Initial directly invalidated sources: Set()

Sources indirectly invalidated by:
	product: Set()
	binary dep: Set()
	external source: Set()
All initially invalidated sources: Set()

Copy resource mappings: 
	
[Loading] Scanning directory C:\Users\pc\dev\fyp\fyp-beta\BETA-Geo-Tagging-Service
[Loading] Found non-root projects 
[Loading] Done in C:\Users\pc\dev\fyp\fyp-beta\BETA-Geo-Tagging-Service, returning: ()
deducing auto plugins based on known facts Set(Atom(sbt.plugins.CorePlugin)) and clauses Clauses(List(Clause(Atom(sbt.plugins.JvmPlugin),Set(Atom(sbt.plugins.IvyPlugin))), Clause(Atom(sbt.plugins.JUnitXmlReportPlugin),Set(Atom(sbt.plugins.JvmPlugin))), Clause(Atom(sbt.plugins.BackgroundRunPlugin),Set(Atom(sbt.plugins.JvmPlugin))), Clause(Atom(sbt.plugins.CorePlugin),Set(Atom(sbt.plugins.IvyPlugin))), Clause(Atom(sbt.plugins.IvyPlugin),Set(Atom(sbt.plugins.JvmPlugin))), Clause(Atom(sbt.plugins.JvmPlugin),Set(Atom(sbt.plugins.JUnitXmlReportPlugin))), Clause(Atom(sbt.plugins.JvmPlugin),Set(Atom(sbt.plugins.BackgroundRunPlugin))), Clause(Atom(sbt.plugins.CorePlugin),Set(Atom(sbt.plugins.InteractionServicePlugin))), Clause(Atom(sbt.plugins.CorePlugin),Set(Atom(sbt.plugins.SendEventServicePlugin))), Clause(Atom(sbt.plugins.CorePlugin),Set(Atom(sbt.plugins.SerializersPlugin)))))
  :: deduced result: Matched(sbt.plugins.CorePlugin,sbt.plugins.SerializersPlugin,sbt.plugins.SendEventServicePlugin,sbt.plugins.InteractionServicePlugin,sbt.plugins.IvyPlugin,sbt.plugins.JvmPlugin,sbt.plugins.BackgroundRunPlugin,sbt.plugins.JUnitXmlReportPlugin)
sorting: ns: List(sbt.plugins.CorePlugin, sbt.plugins.SerializersPlugin, sbt.plugins.SendEventServicePlugin, sbt.plugins.InteractionServicePlugin, sbt.plugins.IvyPlugin, sbt.plugins.JvmPlugin, sbt.plugins.BackgroundRunPlugin, sbt.plugins.JUnitXmlReportPlugin)
  :: sorting:: found: List(sbt.plugins.CorePlugin) not found List(sbt.plugins.SerializersPlugin, sbt.plugins.SendEventServicePlugin, sbt.plugins.InteractionServicePlugin, sbt.plugins.IvyPlugin, sbt.plugins.JvmPlugin, sbt.plugins.BackgroundRunPlugin, sbt.plugins.JUnitXmlReportPlugin)
  :: sorting:: found: List(sbt.plugins.CorePlugin, sbt.plugins.SerializersPlugin, sbt.plugins.SendEventServicePlugin, sbt.plugins.InteractionServicePlugin, sbt.plugins.IvyPlugin) not found List(sbt.plugins.JvmPlugin, sbt.plugins.BackgroundRunPlugin, sbt.plugins.JUnitXmlReportPlugin)
  :: sorting:: found: List(sbt.plugins.CorePlugin, sbt.plugins.SerializersPlugin, sbt.plugins.SendEventServicePlugin, sbt.plugins.InteractionServicePlugin, sbt.plugins.IvyPlugin, sbt.plugins.JvmPlugin) not found List(sbt.plugins.BackgroundRunPlugin, sbt.plugins.JUnitXmlReportPlugin)
  :: sorting:: found: List(sbt.plugins.CorePlugin, sbt.plugins.SerializersPlugin, sbt.plugins.SendEventServicePlugin, sbt.plugins.InteractionServicePlugin, sbt.plugins.IvyPlugin, sbt.plugins.JvmPlugin, sbt.plugins.BackgroundRunPlugin, sbt.plugins.JUnitXmlReportPlugin) not found List()
  :: sorted deduced result: List(sbt.plugins.CorePlugin, sbt.plugins.SerializersPlugin, sbt.plugins.SendEventServicePlugin, sbt.plugins.InteractionServicePlugin, sbt.plugins.IvyPlugin, sbt.plugins.JvmPlugin, sbt.plugins.BackgroundRunPlugin, sbt.plugins.JUnitXmlReportPlugin)
[Loading] Done in C:\Users\pc\dev\fyp\fyp-beta\BETA-Geo-Tagging-Service, returning: (beta-geo-tagging-service)
Set current project to FYP-Geo-Tagging-Service (in build file:/C:/Users/pc/dev/fyp/fyp-beta/BETA-Geo-Tagging-Service/)
Reapplying settings...
Set current project to FYP-Geo-Tagging-Service (in build file:/C:/Users/pc/dev/fyp/fyp-beta/BETA-Geo-Tagging-Service/)
> iflast shell
> server-send-ready-for-request
> server-handle-next-server-request
> compile
Evaluating tasks: compile:compile
Running task... Cancel: sbt.server.ServerTaskCancellation@b1aa63, check cycles: false

Initial source changes: 
	removed:Set()
	added: Set()
	modified: Set()
Removed products: Set()
External API changes: API Changes: Set()
Modified binary dependencies: Set()
Initial directly invalidated sources: Set()

Sources indirectly invalidated by:
	product: Set()
	binary dep: Set()
	external source: Set()
All initially invalidated sources: Set()

Total time: 1 s, completed 28-Apr-2016 16:13:20
> server-post-command-cleanup
> server-handle-next-server-request
> {file:/C:/Users/pc/dev/fyp/fyp-beta/BETA-Geo-Tagging-Service/}beta-geo-tagging-service/compile:discoveredMainClasses
Evaluating tasks: compile:discoveredMainClasses
Running task... Cancel: sbt.server.ServerTaskCancellation@118af1c, check cycles: false

Initial source changes: 
	removed:Set()
	added: Set()
	modified: Set()
Removed products: Set()
External API changes: API Changes: Set()
Modified binary dependencies: Set()
Initial directly invalidated sources: Set()

Sources indirectly invalidated by:
	product: Set()
	binary dep: Set()
	external source: Set()
All initially invalidated sources: Set()

Total time: 1 s, completed 28-Apr-2016 16:13:21
> server-post-command-cleanup
> server-handle-next-server-request
> {file:/C:/Users/pc/dev/fyp/fyp-beta/BETA-Geo-Tagging-Service/}beta-geo-tagging-service/compile:mainClass
Evaluating tasks: compile:mainClass
Running task... Cancel: sbt.server.ServerTaskCancellation@1c7157a, check cycles: false

Initial source changes: 
	removed:Set()
	added: Set()
	modified: Set()
Removed products: Set()
External API changes: API Changes: Set()
Modified binary dependencies: Set()
Initial directly invalidated sources: Set()

Sources indirectly invalidated by:
	product: Set()
	binary dep: Set()
	external source: Set()
All initially invalidated sources: Set()

Total time: 1 s, completed 28-Apr-2016 16:13:21
> server-post-command-cleanup
> server-handle-next-server-request
> {file:/C:/Users/pc/dev/fyp/fyp-beta/BETA-Geo-Tagging-Service/}beta-geo-tagging-service/compile:discoveredMainClasses
Evaluating tasks: compile:discoveredMainClasses
Running task... Cancel: sbt.server.ServerTaskCancellation@f1947d, check cycles: false

Initial source changes: 
	removed:Set()
	added: Set()
	modified: Set()
Removed products: Set()
External API changes: API Changes: Set()
Modified binary dependencies: Set()
Initial directly invalidated sources: Set()

Sources indirectly invalidated by:
	product: Set()
	binary dep: Set()
	external source: Set()
All initially invalidated sources: Set()

Total time: 0 s, completed 28-Apr-2016 16:13:21
> server-post-command-cleanup
> server-handle-next-server-request
> test
Evaluating tasks: test:test
Running task... Cancel: sbt.server.ServerTaskCancellation@12ab111, check cycles: false

Initial source changes: 
	removed:Set()
	added: Set()
	modified: Set()
Removed products: Set()
External API changes: API Changes: Set()
Modified binary dependencies: Set()
Initial directly invalidated sources: Set()

Sources indirectly invalidated by:
	product: Set()
	binary dep: Set()
	external source: Set()
All initially invalidated sources: Set()

Copy resource mappings: 
	

Initial source changes: 
	removed:Set(C:\Users\pc\dev\fyp\fyp-dev\FYP-Geo-Tagging-Service\src\test\scala\com\services\GTRetrievalServiceSpec.scala, C:\Users\pc\dev\fyp\fyp-dev\FYP-Geo-Tagging-Service\src\test\scala\com\support\GTRetrievalHelperSpec.scala)
	added: Set(C:\Users\pc\dev\fyp\fyp-beta\BETA-Geo-Tagging-Service\src\test\scala\com\services\GTRetrievalServiceSpec.scala, C:\Users\pc\dev\fyp\fyp-beta\BETA-Geo-Tagging-Service\src\test\scala\com\support\GTRetrievalHelperSpec.scala)
	modified: Set()
Removed products: Set()
External API changes: API Changes: Set()
Modified binary dependencies: Set()
Initial directly invalidated sources: Set(C:\Users\pc\dev\fyp\fyp-dev\FYP-Geo-Tagging-Service\src\test\scala\com\services\GTRetrievalServiceSpec.scala, C:\Users\pc\dev\fyp\fyp-dev\FYP-Geo-Tagging-Service\src\test\scala\com\support\GTRetrievalHelperSpec.scala, C:\Users\pc\dev\fyp\fyp-beta\BETA-Geo-Tagging-Service\src\test\scala\com\services\GTRetrievalServiceSpec.scala, C:\Users\pc\dev\fyp\fyp-beta\BETA-Geo-Tagging-Service\src\test\scala\com\support\GTRetrievalHelperSpec.scala)

Sources indirectly invalidated by:
	product: Set()
	binary dep: Set()
	external source: Set()
All initially invalidated sources: Set(C:\Users\pc\dev\fyp\fyp-dev\FYP-Geo-Tagging-Service\src\test\scala\com\services\GTRetrievalServiceSpec.scala, C:\Users\pc\dev\fyp\fyp-dev\FYP-Geo-Tagging-Service\src\test\scala\com\support\GTRetrievalHelperSpec.scala, C:\Users\pc\dev\fyp\fyp-beta\BETA-Geo-Tagging-Service\src\test\scala\com\services\GTRetrievalServiceSpec.scala, C:\Users\pc\dev\fyp\fyp-beta\BETA-Geo-Tagging-Service\src\test\scala\com\support\GTRetrievalHelperSpec.scala)

Recompiling all 2 sources: invalidated sources (4) exceeded 50.0% of all sources
Read from stdout: Compiling 2 Scala sources to C:\Users\pc\dev\fyp\fyp-beta\BETA-Geo-Tagging-Service\target\scala-2.11\test-classes...
Compiling 2 Scala sources to C:\Users\pc\dev\fyp\fyp-beta\BETA-Geo-Tagging-Service\target\scala-2.11\test-classes...
Getting compiler-interface from component compiler for Scala 2.11.7
Other repositories:
Default repositories:
Getting compiler-interface from component compiler for Scala 2.11.7
Other repositories:
Default repositories:
Running cached compiler 1af7c8a, interfacing (CompilerInterface) with Scala compiler version 2.11.7
Calling Scala compiler with arguments  (CompilerInterface):
	-bootclasspath
	C:\Program Files (x86)\Java\jre1.8.0_66\lib\resources.jar;C:\Program Files (x86)\Java\jre1.8.0_66\lib\rt.jar;C:\Program Files (x86)\Java\jre1.8.0_66\lib\sunrsasign.jar;C:\Program Files (x86)\Java\jre1.8.0_66\lib\jsse.jar;C:\Program Files (x86)\Java\jre1.8.0_66\lib\jce.jar;C:\Program Files (x86)\Java\jre1.8.0_66\lib\charsets.jar;C:\Program Files (x86)\Java\jre1.8.0_66\lib\jfr.jar;C:\Program Files (x86)\Java\jre1.8.0_66\classes;C:\Users\pc\.ivy2\cache\org.scala-lang\scala-library\jars\scala-library-2.11.7.jar
	-classpath
	C:\Users\pc\dev\fyp\fyp-beta\BETA-Geo-Tagging-Service\target\scala-2.11\test-classes;C:\Users\pc\dev\fyp\fyp-beta\BETA-Geo-Tagging-Service\target\scala-2.11\classes;C:\Users\pc\.ivy2\cache\com.typesafe\config\bundles\config-1.2.1.jar;C:\Users\pc\.ivy2\cache\io.spray\spray-routing_2.11\bundles\spray-routing_2.11-1.3.3.jar;C:\Users\pc\.ivy2\cache\io.spray\spray-http_2.11\bundles\spray-http_2.11-1.3.3.jar;C:\Users\pc\.ivy2\cache\io.spray\spray-util_2.11\bundles\spray-util_2.11-1.3.3.jar;C:\Users\pc\.ivy2\cache\org.parboiled\parboiled-scala_2.11\jars\parboiled-scala_2.11-1.1.7.jar;C:\Users\pc\.ivy2\cache\org.parboiled\parboiled-core\jars\parboiled-core-1.1.7.jar;C:\Users\pc\.ivy2\cache\io.spray\spray-httpx_2.11\bundles\spray-httpx_2.11-1.3.3.jar;C:\Users\pc\.ivy2\cache\org.scala-lang.modules\scala-xml_2.11\bundles\scala-xml_2.11-1.0.3.jar;C:\Users\pc\.ivy2\cache\org.jvnet.mimepull\mimepull\jars\mimepull-1.9.5.jar;C:\Users\pc\.ivy2\cache\com.chuusai\shapeless_2.11\jars\shapeless_2.11-1.2.4.jar;C:\Users\pc\.ivy2\cache\io.spray\spray-client_2.11\bundles\spray-client_2.11-1.3.3.jar;C:\Users\pc\.ivy2\cache\io.spray\spray-can_2.11\bundles\spray-can_2.11-1.3.3.jar;C:\Users\pc\.ivy2\cache\io.spray\spray-io_2.11\bundles\spray-io_2.11-1.3.3.jar;C:\Users\pc\.ivy2\cache\org.json4s\json4s-native_2.11\jars\json4s-native_2.11-3.2.10.jar;C:\Users\pc\.ivy2\cache\org.json4s\json4s-core_2.11\jars\json4s-core_2.11-3.2.10.jar;C:\Users\pc\.ivy2\cache\org.json4s\json4s-ast_2.11\jars\json4s-ast_2.11-3.2.10.jar;C:\Users\pc\.ivy2\cache\com.thoughtworks.paranamer\paranamer\jars\paranamer-2.6.jar;C:\Users\pc\.ivy2\cache\org.scala-lang\scalap\jars\scalap-2.11.0.jar;C:\Users\pc\.ivy2\cache\org.scala-lang\scala-compiler\jars\scala-compiler-2.11.0.jar;C:\Users\pc\.ivy2\cache\org.scala-lang.modules\scala-parser-combinators_2.11\bundles\scala-parser-combinators_2.11-1.0.1.jar;C:\Users\pc\.ivy2\cache\net.liftweb\lift-json_2.10\jars\lift-json_2.10-3.0-M1.jar;C:\Users\pc\.ivy2\cache\com.typesafe.scala-logging\scala-logging-slf4j_2.11\jars\scala-logging-slf4j_2.11-2.1.2.jar;C:\Users\pc\.ivy2\cache\com.typesafe.scala-logging\scala-logging-api_2.11\jars\scala-logging-api_2.11-2.1.2.jar;C:\Users\pc\.ivy2\cache\org.slf4j\slf4j-api\jars\slf4j-api-1.7.7.jar;C:\Users\pc\.ivy2\cache\ch.qos.logback\logback-classic\jars\logback-classic-1.1.2.jar;C:\Users\pc\.ivy2\cache\ch.qos.logback\logback-core\jars\logback-core-1.1.2.jar;C:\Users\pc\.ivy2\cache\com.typesafe.slick\slick_2.11\bundles\slick_2.11-3.0.0.jar;C:\Users\pc\.ivy2\cache\org.reactivestreams\reactive-streams\jars\reactive-streams-1.0.0.jar;C:\Users\pc\.ivy2\cache\org.slf4j\slf4j-nop\jars\slf4j-nop-1.6.4.jar;C:\Users\pc\.ivy2\cache\io.spray\spray-testkit_2.11\jars\spray-testkit_2.11-1.3.3.jar;C:\Users\pc\.ivy2\cache\com.typesafe.akka\akka-testkit_2.11\jars\akka-testkit_2.11-2.3.9.jar;C:\Users\pc\.ivy2\cache\com.typesafe.akka\akka-actor_2.11\jars\akka-actor_2.11-2.3.9.jar;C:\Users\pc\.ivy2\cache\org.scalatest\scalatest_2.11\bundles\scalatest_2.11-2.2.4.jar;C:\Users\pc\.ivy2\cache\org.scala-lang\scala-reflect\jars\scala-reflect-2.11.2.jar;C:\Users\pc\.ivy2\cache\org.mockito\mockito-all\jars\mockito-all-1.9.5.jar
Scala compilation took 4.117505404 s
Invalidating C:\Users\pc\dev\fyp\fyp-beta\BETA-Geo-Tagging-Service\src\test\scala\com\services\GTRetrievalServiceSpec.scala...
Invalidating (transitively) by inheritance from C:\Users\pc\dev\fyp\fyp-beta\BETA-Geo-Tagging-Service\src\test\scala\com\services\GTRetrievalServiceSpec.scala...
Initial set of included nodes: Set(C:\Users\pc\dev\fyp\fyp-beta\BETA-Geo-Tagging-Service\src\test\scala\com\services\GTRetrievalServiceSpec.scala)
Invalidated by transitive inheritance dependency: Set(C:\Users\pc\dev\fyp\fyp-beta\BETA-Geo-Tagging-Service\src\test\scala\com\services\GTRetrievalServiceSpec.scala)
The C:\Users\pc\dev\fyp\fyp-beta\BETA-Geo-Tagging-Service\src\test\scala\com\services\GTRetrievalServiceSpec.scala source file has the following implicit definitions changed:
	convertToStringMustWrapper, convertToStringCanWrapper, convertToEqualizer, convertToInAndIgnoreMethodsAfterTaggedAs, shorthandSharedTestRegistrationFunction, unconstrainedEquality, convertToInAndIgnoreMethods, convertToStringShouldWrapper, shorthandTestRegistrationFunction.
All member reference dependencies will be considered within this context.
Invalidating C:\Users\pc\dev\fyp\fyp-beta\BETA-Geo-Tagging-Service\src\test\scala\com\support\GTRetrievalHelperSpec.scala...
Invalidating (transitively) by inheritance from C:\Users\pc\dev\fyp\fyp-beta\BETA-Geo-Tagging-Service\src\test\scala\com\support\GTRetrievalHelperSpec.scala...
Initial set of included nodes: Set(C:\Users\pc\dev\fyp\fyp-beta\BETA-Geo-Tagging-Service\src\test\scala\com\support\GTRetrievalHelperSpec.scala)
Invalidated by transitive inheritance dependency: Set(C:\Users\pc\dev\fyp\fyp-beta\BETA-Geo-Tagging-Service\src\test\scala\com\support\GTRetrievalHelperSpec.scala)
The C:\Users\pc\dev\fyp\fyp-beta\BETA-Geo-Tagging-Service\src\test\scala\com\support\GTRetrievalHelperSpec.scala source file has the following implicit definitions changed:
	convertToStringMustWrapper, convertToStringCanWrapper, convertToEqualizer, convertToInAndIgnoreMethodsAfterTaggedAs, shorthandSharedTestRegistrationFunction, formats, unconstrainedEquality, convertToInAndIgnoreMethods, convertToStringShouldWrapper, shorthandTestRegistrationFunction.
All member reference dependencies will be considered within this context.
Invalidating C:\Users\pc\dev\fyp\fyp-dev\FYP-Geo-Tagging-Service\src\test\scala\com\services\GTRetrievalServiceSpec.scala...
Invalidating (transitively) by inheritance from C:\Users\pc\dev\fyp\fyp-dev\FYP-Geo-Tagging-Service\src\test\scala\com\services\GTRetrievalServiceSpec.scala...
Initial set of included nodes: Set(C:\Users\pc\dev\fyp\fyp-dev\FYP-Geo-Tagging-Service\src\test\scala\com\services\GTRetrievalServiceSpec.scala)
Invalidated by transitive inheritance dependency: Set(C:\Users\pc\dev\fyp\fyp-dev\FYP-Geo-Tagging-Service\src\test\scala\com\services\GTRetrievalServiceSpec.scala)
The C:\Users\pc\dev\fyp\fyp-dev\FYP-Geo-Tagging-Service\src\test\scala\com\services\GTRetrievalServiceSpec.scala source file has the following implicit definitions changed:
	convertToStringMustWrapper, convertToStringCanWrapper, convertToEqualizer, convertToInAndIgnoreMethodsAfterTaggedAs, shorthandSharedTestRegistrationFunction, unconstrainedEquality, convertToInAndIgnoreMethods, convertToStringShouldWrapper, shorthandTestRegistrationFunction.
All member reference dependencies will be considered within this context.
Invalidating C:\Users\pc\dev\fyp\fyp-dev\FYP-Geo-Tagging-Service\src\test\scala\com\support\GTRetrievalHelperSpec.scala...
Invalidating (transitively) by inheritance from C:\Users\pc\dev\fyp\fyp-dev\FYP-Geo-Tagging-Service\src\test\scala\com\support\GTRetrievalHelperSpec.scala...
Initial set of included nodes: Set(C:\Users\pc\dev\fyp\fyp-dev\FYP-Geo-Tagging-Service\src\test\scala\com\support\GTRetrievalHelperSpec.scala)
Invalidated by transitive inheritance dependency: Set(C:\Users\pc\dev\fyp\fyp-dev\FYP-Geo-Tagging-Service\src\test\scala\com\support\GTRetrievalHelperSpec.scala)
The C:\Users\pc\dev\fyp\fyp-dev\FYP-Geo-Tagging-Service\src\test\scala\com\support\GTRetrievalHelperSpec.scala source file has the following implicit definitions changed:
	convertToStringMustWrapper, convertToStringCanWrapper, convertToEqualizer, convertToInAndIgnoreMethodsAfterTaggedAs, shorthandSharedTestRegistrationFunction, formats, unconstrainedEquality, convertToInAndIgnoreMethods, convertToStringShouldWrapper, shorthandTestRegistrationFunction.
All member reference dependencies will be considered within this context.
New invalidations:
	Set()
Initial set of included nodes: Set()
Previously invalidated, but (transitively) depend on new invalidations:
	Set()
All newly invalidated sources after taking into account (previously) recompiled sources:Set()
Copy resource mappings: 
	
Framework implementation 'org.scalacheck.ScalaCheckFramework' not present.
Framework implementation 'org.specs2.runner.Specs2Framework' not present.
Framework implementation 'org.specs2.runner.SpecsFramework' not present.
Framework implementation 'org.specs.runner.SpecsFramework' not present.
Framework implementation 'com.novocode.junit.JUnitFramework' not present.
Subclass fingerprints: List((org.scalatest.Suite,false,org.scalatest.tools.Framework$$anon$1@190e61e))
Annotation fingerprints: List((org.scalatest.WrapWith,false,org.scalatest.tools.Framework$$anon$2@1211382))
Running TaskDef(com.support.GTRetrievalHelperSpec, org.scalatest.tools.Framework$$anon$1@190e61e, false, [SuiteSelector])
Running TaskDef(com.services.GTRetrievalServiceSpec, org.scalatest.tools.Framework$$anon$1@190e61e, false, [SuiteSelector])
[ SERVICE REQUEST LOG ] -----------------------------
--> Request for service: [ Geo Tagging Service ] received 
--> At Thu Apr 28 16:13:44 BST 2016
--> With query parameter: 19 Moylaragh Park Balbriggan Co Dublin
--> Query parameter is an instance of String = true
Read from stdout: GTRetrievalHelperSpec:
Read from stdout: Calling the Get Latitude function with the sample Google GeoCoding response
Read from stdout: - should return the value 53.6122488
Read from stdout: Calling the Get Longitude function with the sample Google GeoCoding response
Read from stdout: - should return the value -6.1976569
Read from stdout: Calling the URL Constructor function with the sample address: 19 Moylaragh Park Balbriggan Co Dublin
Read from stdout: - should return the teh valid url: https://maps.googleapis.com/maps/api/geocode/json?address=19+Moylaragh+Park+Balbriggan+Co+Dublin&key=AIzaSyCW6S4V0IgkgoXwsgZUtdTTNRzM2zPqe9E
GTRetrievalHelperSpec:
Calling the Get Latitude function with the sample Google GeoCoding response
- should return the value 53.6122488
Calling the Get Longitude function with the sample Google GeoCoding response
- should return the value -6.1976569
Calling the URL Constructor function with the sample address: 19 Moylaragh Park Balbriggan Co Dublin
- should return the teh valid url: https://maps.googleapis.com/maps/api/geocode/json?address=19+Moylaragh+Park+Balbriggan+Co+Dublin&key=AIzaSyCW6S4V0IgkgoXwsgZUtdTTNRzM2zPqe9E
sun.net.www.protocol.https.DelegateHttpsURLConnection:https://maps.googleapis.com/maps/api/geocode/json?address=19+Moylaragh+Park+Balbriggan+Co+Dublin&key=AIzaSyCW6S4V0IgkgoXwsgZUtdTTNRzM2zPqe9E
[ SERVICE REQUEST LOG ] -----------------------------
--> Request for service: [ Geo Tagging Service ] received 
--> At Thu Apr 28 16:13:45 BST 2016
--> With query parameter: 19 Moylaragh Park Balbriggan Co Dublin
--> Query parameter is an instance of String = true
sun.net.www.protocol.https.DelegateHttpsURLConnection:https://maps.googleapis.com/maps/api/geocode/json?address=19+Moylaragh+Park+Balbriggan+Co+Dublin&key=AIzaSyCW6S4V0IgkgoXwsgZUtdTTNRzM2zPqe9E
[ SERVICE REQUEST LOG ] -----------------------------
--> Request for service: [ Geo Tagging Service ] received 
--> At Thu Apr 28 16:13:45 BST 2016
--> With query parameter: 19 Moylaragh Park Balbriggan Co Dublin
--> Query parameter is an instance of String = true
sun.net.www.protocol.https.DelegateHttpsURLConnection:https://maps.googleapis.com/maps/api/geocode/json?address=19+Moylaragh+Park+Balbriggan+Co+Dublin&key=AIzaSyCW6S4V0IgkgoXwsgZUtdTTNRzM2zPqe9E
[ SERVICE REQUEST LOG ] -----------------------------
--> Request for service: [ Geo Tagging Service ] received 
--> At Thu Apr 28 16:13:45 BST 2016
--> With query parameter: 19 Moylaragh Park Balbriggan Co Dublin
--> Query parameter is an instance of String = true
sun.net.www.protocol.https.DelegateHttpsURLConnection:https://maps.googleapis.com/maps/api/geocode/json?address=19+Moylaragh+Park+Balbriggan+Co+Dublin&key=AIzaSyCW6S4V0IgkgoXwsgZUtdTTNRzM2zPqe9E
[ SERVICE REQUEST LOG ] -----------------------------
--> Request for service: [ Geo Tagging Service ] received 
--> At Thu Apr 28 16:13:46 BST 2016
--> With query parameter: 19 Moylaragh Park Balbriggan Co Dublin
--> Query parameter is an instance of String = true
sun.net.www.protocol.https.DelegateHttpsURLConnection:https://maps.googleapis.com/maps/api/geocode/json?address=19+Moylaragh+Park+Balbriggan+Co+Dublin&key=AIzaSyCW6S4V0IgkgoXwsgZUtdTTNRzM2zPqe9E
[ SERVICE REQUEST LOG ] -----------------------------
--> Request for service: [ Geo Tagging Service ] received 
--> At Thu Apr 28 16:13:46 BST 2016
--> With query parameter: 19 Moylaragh Park Balbriggan Co Dublin
--> Query parameter is an instance of String = true
sun.net.www.protocol.https.DelegateHttpsURLConnection:https://maps.googleapis.com/maps/api/geocode/json?address=19+Moylaragh+Park+Balbriggan+Co+Dublin&key=AIzaSyCW6S4V0IgkgoXwsgZUtdTTNRzM2zPqe9E
[ SERVICE REQUEST LOG ] -----------------------------
--> Request for service: [ Geo Tagging Service ] received 
--> At Thu Apr 28 16:13:46 BST 2016
--> With query parameter: 19 Moylaragh Park Balbriggan Co Dublin
--> Query parameter is an instance of String = true
sun.net.www.protocol.https.DelegateHttpsURLConnection:https://maps.googleapis.com/maps/api/geocode/json?address=19+Moylaragh+Park+Balbriggan+Co+Dublin&key=AIzaSyCW6S4V0IgkgoXwsgZUtdTTNRzM2zPqe9E
[ SERVICE REQUEST LOG ] -----------------------------
--> Request for service: [ Geo Tagging Service ] received 
--> At Thu Apr 28 16:13:46 BST 2016
--> With query parameter: 19 Moylaragh Park Balbriggan Co Dublin
--> Query parameter is an instance of String = true
sun.net.www.protocol.https.DelegateHttpsURLConnection:https://maps.googleapis.com/maps/api/geocode/json?address=19+Moylaragh+Park+Balbriggan+Co+Dublin&key=AIzaSyCW6S4V0IgkgoXwsgZUtdTTNRzM2zPqe9E
[ SERVICE REQUEST LOG ] -----------------------------
--> Request for service: [ Geo Tagging Service ] received 
--> At Thu Apr 28 16:13:46 BST 2016
--> With query parameter: 19 Moylaragh Park Balbriggan Co Dublin
--> Query parameter is an instance of String = true
sun.net.www.protocol.https.DelegateHttpsURLConnection:https://maps.googleapis.com/maps/api/geocode/json?address=19+Moylaragh+Park+Balbriggan+Co+Dublin&key=AIzaSyCW6S4V0IgkgoXwsgZUtdTTNRzM2zPqe9E
[ SERVICE REQUEST LOG ] -----------------------------
--> Request for service: [ Geo Tagging Service ] received 
--> At Thu Apr 28 16:13:46 BST 2016
--> With query parameter: 19 Moylaragh Park Balbriggan Co Dublin
--> Query parameter is an instance of String = true
sun.net.www.protocol.https.DelegateHttpsURLConnection:https://maps.googleapis.com/maps/api/geocode/json?address=19+Moylaragh+Park+Balbriggan+Co+Dublin&key=AIzaSyCW6S4V0IgkgoXwsgZUtdTTNRzM2zPqe9E
[ SERVICE REQUEST LOG ] -----------------------------
--> Request for service: [ Geo Tagging Service ] received 
--> At Thu Apr 28 16:13:46 BST 2016
--> With query parameter: 19 Moylaragh Park Balbriggan Co Dublin
--> Query parameter is an instance of String = true
sun.net.www.protocol.https.DelegateHttpsURLConnection:https://maps.googleapis.com/maps/api/geocode/json?address=19+Moylaragh+Park+Balbriggan+Co+Dublin&key=AIzaSyCW6S4V0IgkgoXwsgZUtdTTNRzM2zPqe9E
[ SERVICE REQUEST LOG ] -----------------------------
--> Request for service: [ Geo Tagging Service ] received 
--> At Thu Apr 28 16:13:47 BST 2016
--> With query parameter: 19 Moylaragh Park Balbriggan Co Dublin
--> Query parameter is an instance of String = true
sun.net.www.protocol.https.DelegateHttpsURLConnection:https://maps.googleapis.com/maps/api/geocode/json?address=19+Moylaragh+Park+Balbriggan+Co+Dublin&key=AIzaSyCW6S4V0IgkgoXwsgZUtdTTNRzM2zPqe9E
Read from stdout: GTRetrievalServiceSpec:
Read from stdout: Calling the Get Geo Tags (Lat & Lng) function
Read from stdout: - should return an object of type String
Read from stdout: - should have a length greater or equal to 0
Read from stdout: - should should return a valid JSON array
Read from stdout: Given the address: 19 Moylaragh Park Balbriggan Co Dublin, the Get Geo Tag (Lat & Lng) function
Read from stdout: - should return the coordinates lat 53.6122488, lng:--6.1976569
Read from stdout: Calling the Get Geo Tags (Lat) function
Read from stdout: - should return an object of type String
Read from stdout: - should have a length greater or equal to 0
Read from stdout: Given the address: 19 Moylaragh Park Balbriggan Co Dublin, the Get Geo Tag (Lat) function
Read from stdout: - should return the coordinates lat 53.6122488
Read from stdout: Calling the Get Geo Tags (Lng) function
Read from stdout: - should return an object of type String
Read from stdout: - should have a length greater or equal to 0
Read from stdout: Given the address: 19 Moylaragh Park Balbriggan Co Dublin, the Get Geo Tag (Lng) function
Read from stdout: - should return the coordinates lng:--6.1976569
GTRetrievalServiceSpec:
Calling the Get Geo Tags (Lat & Lng) function
- should return an object of type String
- should have a length greater or equal to 0
- should should return a valid JSON array
Given the address: 19 Moylaragh Park Balbriggan Co Dublin, the Get Geo Tag (Lat & Lng) function
- should return the coordinates lat 53.6122488, lng:--6.1976569
Calling the Get Geo Tags (Lat) function
- should return an object of type String
- should have a length greater or equal to 0
Given the address: 19 Moylaragh Park Balbriggan Co Dublin, the Get Geo Tag (Lat) function
- should return the coordinates lat 53.6122488
Calling the Get Geo Tags (Lng) function
- should return an object of type String
- should have a length greater or equal to 0
Given the address: 19 Moylaragh Park Balbriggan Co Dublin, the Get Geo Tag (Lng) function
- should return the coordinates lng:--6.1976569
Read from stdout: Run completed in 3 seconds, 68 milliseconds.
Read from stdout: Total number of tests run: 13
Read from stdout: Suites: completed 2, aborted 0
Read from stdout: Tests: succeeded 13, failed 0, canceled 0, ignored 0, pending 0
Read from stdout: All tests passed.
Run completed in 3 seconds, 68 milliseconds.
Total number of tests run: 13
Suites: completed 2, aborted 0
Tests: succeeded 13, failed 0, canceled 0, ignored 0, pending 0
All tests passed.
Passed tests:
	com.support.GTRetrievalHelperSpec
	com.services.GTRetrievalServiceSpec
Total time: 8 s, completed 28-Apr-2016 16:13:47
> server-post-command-cleanup
> server-handle-next-server-request
> {file:/C:/Users/pc/dev/fyp/fyp-beta/BETA-Geo-Tagging-Service/}beta-geo-tagging-service/compile:mainClass
Evaluating tasks: compile:mainClass
Running task... Cancel: sbt.server.ServerTaskCancellation@18f998b, check cycles: false

Initial source changes: 
	removed:Set()
	added: Set()
	modified: Set()
Removed products: Set()
External API changes: API Changes: Set()
Modified binary dependencies: Set()
Initial directly invalidated sources: Set()

Sources indirectly invalidated by:
	product: Set()
	binary dep: Set()
	external source: Set()
All initially invalidated sources: Set()

Total time: 0 s, completed 28-Apr-2016 16:26:47
> server-post-command-cleanup
> server-handle-next-server-request
> {file:/C:/Users/pc/dev/fyp/fyp-beta/BETA-Geo-Tagging-Service/}beta-geo-tagging-service/compile:discoveredMainClasses
Evaluating tasks: compile:discoveredMainClasses
Running task... Cancel: sbt.server.ServerTaskCancellation@11b286f, check cycles: false

Initial source changes: 
	removed:Set()
	added: Set()
	modified: Set()
Removed products: Set()
External API changes: API Changes: Set()
Modified binary dependencies: Set()
Initial directly invalidated sources: Set()

Sources indirectly invalidated by:
	product: Set()
	binary dep: Set()
	external source: Set()
All initially invalidated sources: Set()

Total time: 0 s, completed 28-Apr-2016 16:26:47
> server-post-command-cleanup
> server-handle-next-server-request
Done executing sbt server engine, result Right(Exit(0))
Closing listening server socket
Waiting for socket thread
Waiting for request processor thread
Waiting for command engine result
Returning control to sbt launcher with result Exit(0)
Closing the 5504@DESKTOP-7UG7O8D logs at Thu Apr 28 16:26:49 BST 2016, goodbye.
